
Feb 27, 2020 11:39:03.01 NEW SESSION
Feb 27, 2020 11:39:03.01 Opening in existing browser session.
Feb 27, 2020 11:40:44.29 Opening in existing browser session.
Feb 27, 2020 11:41:10.42 Opening in existing browser session.
Feb 27, 2020 11:42:48.86 Opening in existing browser session.
Feb 27, 2020 11:44:49.38 Opening in existing browser session.
Feb 27, 2020 11:47:28.62 Opening in existing browser session.
Feb 27, 2020 11:48:55.30 Opening in existing browser session.
Feb 27, 2020 11:50:28.74 Opening in existing browser session.
Feb 27, 2020 11:50:52.60 [10664:10664:0227/115052.606823:ERROR:sandbox_linux.cc(374)] InitializeSandbox() called with multiple threads in process gpu-process.
Feb 27, 2020 11:58:13.62 Opening in existing browser session.
Feb 27, 2020 12:09:05.47 Opening in existing browser session.
Feb 27, 2020 12:15:21.18 Opening in existing browser session.
Feb 27, 2020 12:16:44.79 Opening in existing browser session.
Feb 27, 2020 12:19:09.43 Opening in existing browser session.
Feb 27, 2020 12:20:53.58 Opening in existing browser session.
Feb 27, 2020 14:38:53.02 Opening in existing browser session.

Feb 29, 2020 09:35:26.29 NEW SESSION
Feb 29, 2020 09:35:26.29 Opening in existing browser session.
Feb 29, 2020 09:37:01.70 [6674:6674:0229/093701.702643:ERROR:sandbox_linux.cc(374)] InitializeSandbox() called with multiple threads in process gpu-process.
Feb 29, 2020 09:37:16.63 [6677:6683:0229/093716.634307:ERROR:ssl_client_socket_impl.cc(941)] handshake failed; returned -1, SSL error code 1, net_error -101
Feb 29, 2020 09:37:16.92 [6677:6683:0229/093716.923706:ERROR:ssl_client_socket_impl.cc(941)] handshake failed; returned -1, SSL error code 1, net_error -101
Feb 29, 2020 09:37:27.01 [6677:6683:0229/093727.014983:ERROR:ssl_client_socket_impl.cc(941)] handshake failed; returned -1, SSL error code 1, net_error -101
Feb 29, 2020 09:37:38.68 [6677:6683:0229/093738.683775:ERROR:ssl_client_socket_impl.cc(941)] handshake failed; returned -1, SSL error code 1, net_error -101
Feb 29, 2020 09:39:06.97 [6677:6683:0229/093906.971490:ERROR:ssl_client_socket_impl.cc(941)] handshake failed; returned -1, SSL error code 1, net_error -101
Feb 29, 2020 09:39:07.11 [6677:6683:0229/093907.115384:ERROR:ssl_client_socket_impl.cc(941)] handshake failed; returned -1, SSL error code 1, net_error -101
Feb 29, 2020 09:39:19.92 [6677:6683:0229/093919.923336:ERROR:ssl_client_socket_impl.cc(941)] handshake failed; returned -1, SSL error code 1, net_error -101
Feb 29, 2020 09:39:33.42 [6677:6683:0229/093933.421676:ERROR:ssl_client_socket_impl.cc(941)] handshake failed; returned -1, SSL error code 1, net_error -101
Feb 29, 2020 09:41:07.73 Opening in existing browser session.
Feb 29, 2020 09:43:18.69 Opening in existing browser session.
Feb 29, 2020 09:47:17.65 [7224:7224:0229/094717.653065:ERROR:sandbox_linux.cc(374)] InitializeSandbox() called with multiple threads in process gpu-process.
Feb 29, 2020 09:49:16.45 [7226:7232:0229/094916.458154:ERROR:ssl_client_socket_impl.cc(941)] handshake failed; returned -1, SSL error code 1, net_error -101

Feb 29, 2020 09:51:53.43 NEW SESSION
Feb 29, 2020 09:51:53.43 Opening in existing browser session.
Feb 29, 2020 09:59:34.95 Opening in existing browser session.
Feb 29, 2020 10:01:14.81 Opening in existing browser session.

Mar 03, 2020 23:07:46.67 NEW SESSION
Mar 03, 2020 23:07:46.67 Opening in existing browser session.
