!SESSION 2020-02-27 10:11:48.532 -----------------------------------------------
eclipse.buildId=4.14.0.I20191210-0610
java.version=13.0.2
java.vendor=Oracle Corporation
BootLoader constants: OS=linux, ARCH=x86_64, WS=gtk, NL=en_IN
Framework arguments:  -product org.eclipse.epp.package.jee.product
Command-line arguments:  -data /home/cc/java-project -os linux -ws gtk -arch x86_64 -product org.eclipse.epp.package.jee.product

!ENTRY org.eclipse.equinox.p2.transport.ecf 2 0 2020-02-27 10:12:36.913
!MESSAGE Connection to http://jope.ow2.org/update/jope/site.xml failed on jope.ow2.org: Name or service not known. Retry attempt 0 started
!STACK 0
java.net.UnknownHostException: jope.ow2.org: Name or service not known
	at java.base/java.net.Inet6AddressImpl.lookupAllHostAddr(Native Method)
	at java.base/java.net.InetAddress$PlatformNameService.lookupAllHostAddr(InetAddress.java:930)
	at java.base/java.net.InetAddress.getAddressesFromNameService(InetAddress.java:1499)
	at java.base/java.net.InetAddress$NameServiceAddresses.get(InetAddress.java:849)
	at java.base/java.net.InetAddress.getAllByName0(InetAddress.java:1489)
	at java.base/java.net.InetAddress.getAllByName(InetAddress.java:1348)
	at java.base/java.net.InetAddress.getAllByName(InetAddress.java:1282)
	at org.apache.http.impl.conn.SystemDefaultDnsResolver.resolve(SystemDefaultDnsResolver.java:45)
	at org.apache.http.impl.conn.DefaultHttpClientConnectionOperator.connect(DefaultHttpClientConnectionOperator.java:112)
	at org.apache.http.impl.conn.PoolingHttpClientConnectionManager.connect(PoolingHttpClientConnectionManager.java:373)
	at org.apache.http.impl.execchain.MainClientExec.establishRoute(MainClientExec.java:394)
	at org.apache.http.impl.execchain.MainClientExec.execute(MainClientExec.java:237)
	at org.apache.http.impl.execchain.ProtocolExec.execute(ProtocolExec.java:185)
	at org.apache.http.impl.execchain.RetryExec.execute(RetryExec.java:89)
	at org.apache.http.impl.execchain.RedirectExec.execute(RedirectExec.java:110)
	at org.apache.http.impl.client.InternalHttpClient.doExecute(InternalHttpClient.java:185)
	at org.apache.http.impl.client.CloseableHttpClient.execute(CloseableHttpClient.java:83)
	at org.eclipse.ecf.provider.filetransfer.httpclient45.HttpClientRetrieveFileTransfer.performConnect(HttpClientRetrieveFileTransfer.java:1000)
	at org.eclipse.ecf.provider.filetransfer.httpclient45.HttpClientRetrieveFileTransfer.access$0(HttpClientRetrieveFileTransfer.java:992)
	at org.eclipse.ecf.provider.filetransfer.httpclient45.HttpClientRetrieveFileTransfer$1.performFileTransfer(HttpClientRetrieveFileTransfer.java:988)
	at org.eclipse.ecf.filetransfer.FileTransferJob.run(FileTransferJob.java:74)
	at org.eclipse.core.internal.jobs.Worker.run(Worker.java:63)

!ENTRY org.eclipse.equinox.p2.transport.ecf 2 0 2020-02-27 10:12:37.132
!MESSAGE Connection to http://jope.ow2.org/update/jope/p2.index failed on jope.ow2.org. Retry attempt 0 started
!STACK 0
java.net.UnknownHostException: jope.ow2.org
	at java.base/java.net.InetAddress$CachedAddresses.get(InetAddress.java:798)
	at java.base/java.net.InetAddress.getAllByName0(InetAddress.java:1489)
	at java.base/java.net.InetAddress.getAllByName(InetAddress.java:1348)
	at java.base/java.net.InetAddress.getAllByName(InetAddress.java:1282)
	at org.apache.http.impl.conn.SystemDefaultDnsResolver.resolve(SystemDefaultDnsResolver.java:45)
	at org.apache.http.impl.conn.DefaultHttpClientConnectionOperator.connect(DefaultHttpClientConnectionOperator.java:112)
	at org.apache.http.impl.conn.PoolingHttpClientConnectionManager.connect(PoolingHttpClientConnectionManager.java:373)
	at org.apache.http.impl.execchain.MainClientExec.establishRoute(MainClientExec.java:394)
	at org.apache.http.impl.execchain.MainClientExec.execute(MainClientExec.java:237)
	at org.apache.http.impl.execchain.ProtocolExec.execute(ProtocolExec.java:185)
	at org.apache.http.impl.execchain.RetryExec.execute(RetryExec.java:89)
	at org.apache.http.impl.execchain.RedirectExec.execute(RedirectExec.java:110)
	at org.apache.http.impl.client.InternalHttpClient.doExecute(InternalHttpClient.java:185)
	at org.apache.http.impl.client.CloseableHttpClient.execute(CloseableHttpClient.java:83)
	at org.eclipse.ecf.provider.filetransfer.httpclient45.HttpClientRetrieveFileTransfer.performConnect(HttpClientRetrieveFileTransfer.java:1000)
	at org.eclipse.ecf.provider.filetransfer.httpclient45.HttpClientRetrieveFileTransfer.access$0(HttpClientRetrieveFileTransfer.java:992)
	at org.eclipse.ecf.provider.filetransfer.httpclient45.HttpClientRetrieveFileTransfer$1.performFileTransfer(HttpClientRetrieveFileTransfer.java:988)
	at org.eclipse.ecf.filetransfer.FileTransferJob.run(FileTransferJob.java:74)
	at org.eclipse.core.internal.jobs.Worker.run(Worker.java:63)

!ENTRY org.eclipse.equinox.p2.transport.ecf 2 0 2020-02-27 10:16:33.610
!MESSAGE Connection to http://www.pramati.com/downloads/eclipse/updates/site.xml failed on Remote host terminated the handshake. Retry attempt 0 started
!STACK 0
javax.net.ssl.SSLHandshakeException: Remote host terminated the handshake
	at java.base/sun.security.ssl.SSLSocketImpl.handleEOF(SSLSocketImpl.java:1659)
	at java.base/sun.security.ssl.SSLSocketImpl.decode(SSLSocketImpl.java:1468)
	at java.base/sun.security.ssl.SSLSocketImpl.readHandshakeRecord(SSLSocketImpl.java:1368)
	at java.base/sun.security.ssl.SSLSocketImpl.startHandshake(SSLSocketImpl.java:437)
	at org.apache.http.conn.ssl.SSLConnectionSocketFactory.createLayeredSocket(SSLConnectionSocketFactory.java:396)
	at org.apache.http.conn.ssl.SSLConnectionSocketFactory.connectSocket(SSLConnectionSocketFactory.java:355)
	at org.apache.http.impl.conn.DefaultHttpClientConnectionOperator.connect(DefaultHttpClientConnectionOperator.java:142)
	at org.apache.http.impl.conn.PoolingHttpClientConnectionManager.connect(PoolingHttpClientConnectionManager.java:373)
	at org.apache.http.impl.execchain.MainClientExec.establishRoute(MainClientExec.java:394)
	at org.apache.http.impl.execchain.MainClientExec.execute(MainClientExec.java:237)
	at org.apache.http.impl.execchain.ProtocolExec.execute(ProtocolExec.java:185)
	at org.apache.http.impl.execchain.RetryExec.execute(RetryExec.java:89)
	at org.apache.http.impl.execchain.RedirectExec.execute(RedirectExec.java:110)
	at org.apache.http.impl.client.InternalHttpClient.doExecute(InternalHttpClient.java:185)
	at org.apache.http.impl.client.CloseableHttpClient.execute(CloseableHttpClient.java:83)
	at org.eclipse.ecf.provider.filetransfer.httpclient45.HttpClientRetrieveFileTransfer.performConnect(HttpClientRetrieveFileTransfer.java:1000)
	at org.eclipse.ecf.provider.filetransfer.httpclient45.HttpClientRetrieveFileTransfer.access$0(HttpClientRetrieveFileTransfer.java:992)
	at org.eclipse.ecf.provider.filetransfer.httpclient45.HttpClientRetrieveFileTransfer$1.performFileTransfer(HttpClientRetrieveFileTransfer.java:988)
	at org.eclipse.ecf.filetransfer.FileTransferJob.run(FileTransferJob.java:74)
	at org.eclipse.core.internal.jobs.Worker.run(Worker.java:63)
Caused by: java.io.EOFException: SSL peer shut down incorrectly
	at java.base/sun.security.ssl.SSLSocketInputRecord.decode(SSLSocketInputRecord.java:167)
	at java.base/sun.security.ssl.SSLTransport.decode(SSLTransport.java:108)
	at java.base/sun.security.ssl.SSLSocketImpl.decode(SSLSocketImpl.java:1460)
	... 18 more

!ENTRY org.eclipse.equinox.p2.core 4 0 2020-02-27 10:16:48.195
!MESSAGE Provisioning exception
!STACK 1
org.eclipse.equinox.p2.core.ProvisionException: Unable to read repository at http://download.oracle.com/otn_software/oepe/library/oracle-maf-2.1.3-examples/content.xml.
	at org.eclipse.equinox.internal.p2.repository.CacheManager.createCache(CacheManager.java:247)
	at org.eclipse.equinox.internal.p2.metadata.repository.SimpleMetadataRepositoryFactory.getLocalFile(SimpleMetadataRepositoryFactory.java:69)
	at org.eclipse.equinox.internal.p2.metadata.repository.SimpleMetadataRepositoryFactory.load(SimpleMetadataRepositoryFactory.java:89)
	at org.eclipse.equinox.internal.p2.metadata.repository.MetadataRepositoryManager.factoryLoad(MetadataRepositoryManager.java:63)
	at org.eclipse.equinox.internal.p2.repository.helpers.AbstractRepositoryManager.loadRepository(AbstractRepositoryManager.java:775)
	at jdk.internal.reflect.GeneratedMethodAccessor52.invoke(Unknown Source)
	at java.base/jdk.internal.reflect.DelegatingMethodAccessorImpl.invoke(DelegatingMethodAccessorImpl.java:43)
	at java.base/java.lang.reflect.Method.invoke(Method.java:567)
	at org.eclipse.oomph.util.ReflectUtil.invokeMethod(ReflectUtil.java:117)
	at org.eclipse.oomph.p2.internal.core.CachingRepositoryManager.loadRepository(CachingRepositoryManager.java:409)
	at org.eclipse.oomph.p2.internal.core.CachingRepositoryManager.loadRepository(CachingRepositoryManager.java:201)
	at org.eclipse.oomph.p2.internal.core.CachingRepositoryManager$Metadata.loadRepository(CachingRepositoryManager.java:476)
	at org.eclipse.equinox.internal.p2.metadata.repository.MetadataRepositoryManager.loadRepository(MetadataRepositoryManager.java:110)
	at org.eclipse.equinox.internal.p2.metadata.repository.MetadataRepositoryManager.loadRepository(MetadataRepositoryManager.java:105)
	at org.eclipse.equinox.internal.p2.metadata.repository.CompositeMetadataRepository.addChild(CompositeMetadataRepository.java:171)
	at org.eclipse.equinox.internal.p2.metadata.repository.CompositeMetadataRepository.<init>(CompositeMetadataRepository.java:113)
	at org.eclipse.equinox.internal.p2.metadata.repository.CompositeMetadataRepositoryFactory.load(CompositeMetadataRepositoryFactory.java:124)
	at org.eclipse.equinox.internal.p2.metadata.repository.MetadataRepositoryManager.factoryLoad(MetadataRepositoryManager.java:63)
	at org.eclipse.equinox.internal.p2.repository.helpers.AbstractRepositoryManager.loadRepository(AbstractRepositoryManager.java:775)
	at jdk.internal.reflect.GeneratedMethodAccessor52.invoke(Unknown Source)
	at java.base/jdk.internal.reflect.DelegatingMethodAccessorImpl.invoke(DelegatingMethodAccessorImpl.java:43)
	at java.base/java.lang.reflect.Method.invoke(Method.java:567)
	at org.eclipse.oomph.util.ReflectUtil.invokeMethod(ReflectUtil.java:117)
	at org.eclipse.oomph.p2.internal.core.CachingRepositoryManager.loadRepository(CachingRepositoryManager.java:409)
	at org.eclipse.oomph.p2.internal.core.CachingRepositoryManager.loadRepository(CachingRepositoryManager.java:201)
	at org.eclipse.oomph.p2.internal.core.CachingRepositoryManager$Metadata.loadRepository(CachingRepositoryManager.java:476)
	at org.eclipse.equinox.internal.p2.metadata.repository.MetadataRepositoryManager.loadRepository(MetadataRepositoryManager.java:110)
	at org.eclipse.equinox.internal.p2.metadata.repository.MetadataRepositoryManager.loadRepository(MetadataRepositoryManager.java:105)
	at org.eclipse.equinox.internal.p2.metadata.repository.CompositeMetadataRepository.addChild(CompositeMetadataRepository.java:171)
	at org.eclipse.equinox.internal.p2.metadata.repository.CompositeMetadataRepository.<init>(CompositeMetadataRepository.java:113)
	at org.eclipse.equinox.internal.p2.metadata.repository.CompositeMetadataRepositoryFactory.load(CompositeMetadataRepositoryFactory.java:124)
	at org.eclipse.equinox.internal.p2.metadata.repository.MetadataRepositoryManager.factoryLoad(MetadataRepositoryManager.java:63)
	at org.eclipse.equinox.internal.p2.repository.helpers.AbstractRepositoryManager.loadRepository(AbstractRepositoryManager.java:775)
	at jdk.internal.reflect.GeneratedMethodAccessor52.invoke(Unknown Source)
	at java.base/jdk.internal.reflect.DelegatingMethodAccessorImpl.invoke(DelegatingMethodAccessorImpl.java:43)
	at java.base/java.lang.reflect.Method.invoke(Method.java:567)
	at org.eclipse.oomph.util.ReflectUtil.invokeMethod(ReflectUtil.java:117)
	at org.eclipse.oomph.p2.internal.core.CachingRepositoryManager.loadRepository(CachingRepositoryManager.java:409)
	at org.eclipse.oomph.p2.internal.core.CachingRepositoryManager.loadRepository(CachingRepositoryManager.java:201)
	at org.eclipse.oomph.p2.internal.core.CachingRepositoryManager$Metadata.loadRepository(CachingRepositoryManager.java:476)
	at org.eclipse.equinox.internal.p2.metadata.repository.MetadataRepositoryManager.loadRepository(MetadataRepositoryManager.java:110)
	at org.eclipse.equinox.internal.p2.metadata.repository.MetadataRepositoryManager.loadRepository(MetadataRepositoryManager.java:105)
	at org.eclipse.wst.server.discovery.internal.model.ExtensionUpdateSite.getExtensions(ExtensionUpdateSite.java:127)
	at org.eclipse.wst.server.discovery.internal.ExtensionUtility$1.run(ExtensionUtility.java:509)
Caused by: java.net.SocketTimeoutException: Read timed out
	at java.base/sun.nio.ch.NioSocketImpl.timedRead(NioSocketImpl.java:284)
	at java.base/sun.nio.ch.NioSocketImpl.implRead(NioSocketImpl.java:310)
	at java.base/sun.nio.ch.NioSocketImpl.read(NioSocketImpl.java:351)
	at java.base/sun.nio.ch.NioSocketImpl$1.read(NioSocketImpl.java:802)
	at java.base/java.net.Socket$SocketInputStream.read(Socket.java:937)
	at org.apache.http.impl.io.SessionInputBufferImpl.streamRead(SessionInputBufferImpl.java:137)
	at org.apache.http.impl.io.SessionInputBufferImpl.fillBuffer(SessionInputBufferImpl.java:153)
	at org.apache.http.impl.io.SessionInputBufferImpl.readLine(SessionInputBufferImpl.java:282)
	at org.apache.http.impl.conn.DefaultHttpResponseParser.parseHead(DefaultHttpResponseParser.java:138)
	at org.apache.http.impl.conn.DefaultHttpResponseParser.parseHead(DefaultHttpResponseParser.java:56)
	at org.apache.http.impl.io.AbstractMessageParser.parse(AbstractMessageParser.java:259)
	at org.apache.http.impl.DefaultBHttpClientConnection.receiveResponseHeader(DefaultBHttpClientConnection.java:163)
	at org.apache.http.impl.conn.CPoolProxy.receiveResponseHeader(CPoolProxy.java:165)
	at org.apache.http.protocol.HttpRequestExecutor.doReceiveResponse(HttpRequestExecutor.java:273)
	at org.apache.http.protocol.HttpRequestExecutor.execute(HttpRequestExecutor.java:125)
	at org.apache.http.impl.execchain.MainClientExec.execute(MainClientExec.java:272)
	at org.apache.http.impl.execchain.ProtocolExec.execute(ProtocolExec.java:185)
	at org.apache.http.impl.execchain.RetryExec.execute(RetryExec.java:89)
	at org.apache.http.impl.execchain.RedirectExec.execute(RedirectExec.java:110)
	at org.apache.http.impl.client.InternalHttpClient.doExecute(InternalHttpClient.java:185)
	at org.apache.http.impl.client.CloseableHttpClient.execute(CloseableHttpClient.java:83)
	at org.eclipse.ecf.provider.filetransfer.httpclient45.HttpClientFileSystemBrowser.runRequest(HttpClientFileSystemBrowser.java:246)
	at org.eclipse.ecf.provider.filetransfer.browse.AbstractFileSystemBrowser$DirectoryJob.run(AbstractFileSystemBrowser.java:69)
	at org.eclipse.core.internal.jobs.Worker.run(Worker.java:63)
!SUBENTRY 1 org.eclipse.equinox.p2.transport.ecf 4 1002 2020-02-27 10:16:48.198
!MESSAGE Unable to read repository at http://download.oracle.com/otn_software/oepe/library/oracle-maf-2.1.3-examples/content.xml.
!STACK 0
java.net.SocketTimeoutException: Read timed out
	at java.base/sun.nio.ch.NioSocketImpl.timedRead(NioSocketImpl.java:284)
	at java.base/sun.nio.ch.NioSocketImpl.implRead(NioSocketImpl.java:310)
	at java.base/sun.nio.ch.NioSocketImpl.read(NioSocketImpl.java:351)
	at java.base/sun.nio.ch.NioSocketImpl$1.read(NioSocketImpl.java:802)
	at java.base/java.net.Socket$SocketInputStream.read(Socket.java:937)
	at org.apache.http.impl.io.SessionInputBufferImpl.streamRead(SessionInputBufferImpl.java:137)
	at org.apache.http.impl.io.SessionInputBufferImpl.fillBuffer(SessionInputBufferImpl.java:153)
	at org.apache.http.impl.io.SessionInputBufferImpl.readLine(SessionInputBufferImpl.java:282)
	at org.apache.http.impl.conn.DefaultHttpResponseParser.parseHead(DefaultHttpResponseParser.java:138)
	at org.apache.http.impl.conn.DefaultHttpResponseParser.parseHead(DefaultHttpResponseParser.java:56)
	at org.apache.http.impl.io.AbstractMessageParser.parse(AbstractMessageParser.java:259)
	at org.apache.http.impl.DefaultBHttpClientConnection.receiveResponseHeader(DefaultBHttpClientConnection.java:163)
	at org.apache.http.impl.conn.CPoolProxy.receiveResponseHeader(CPoolProxy.java:165)
	at org.apache.http.protocol.HttpRequestExecutor.doReceiveResponse(HttpRequestExecutor.java:273)
	at org.apache.http.protocol.HttpRequestExecutor.execute(HttpRequestExecutor.java:125)
	at org.apache.http.impl.execchain.MainClientExec.execute(MainClientExec.java:272)
	at org.apache.http.impl.execchain.ProtocolExec.execute(ProtocolExec.java:185)
	at org.apache.http.impl.execchain.RetryExec.execute(RetryExec.java:89)
	at org.apache.http.impl.execchain.RedirectExec.execute(RedirectExec.java:110)
	at org.apache.http.impl.client.InternalHttpClient.doExecute(InternalHttpClient.java:185)
	at org.apache.http.impl.client.CloseableHttpClient.execute(CloseableHttpClient.java:83)
	at org.eclipse.ecf.provider.filetransfer.httpclient45.HttpClientFileSystemBrowser.runRequest(HttpClientFileSystemBrowser.java:246)
	at org.eclipse.ecf.provider.filetransfer.browse.AbstractFileSystemBrowser$DirectoryJob.run(AbstractFileSystemBrowser.java:69)
	at org.eclipse.core.internal.jobs.Worker.run(Worker.java:63)

!ENTRY org.eclipse.ui 4 0 2020-02-27 11:00:43.945
!MESSAGE Unhandled event loop exception
!STACK 0
org.eclipse.swt.SWTException: Widget is disposed
	at org.eclipse.swt.SWT.error(SWT.java:4720)
	at org.eclipse.swt.SWT.error(SWT.java:4635)
	at org.eclipse.swt.SWT.error(SWT.java:4606)
	at org.eclipse.swt.widgets.Widget.error(Widget.java:550)
	at org.eclipse.swt.widgets.Widget.checkWidget(Widget.java:470)
	at org.eclipse.swt.widgets.Control.redraw(Control.java:4512)
	at org.eclipse.swt.widgets.Link.gtk_event_after(Link.java:423)
	at org.eclipse.swt.widgets.Widget.windowProc(Widget.java:2259)
	at org.eclipse.swt.widgets.Control.windowProc(Control.java:6826)
	at org.eclipse.swt.widgets.Display.windowProc(Display.java:5917)
	at org.eclipse.swt.internal.gtk.GTK._gtk_main_do_event(Native Method)
	at org.eclipse.swt.internal.gtk.GTK.gtk_main_do_event(GTK.java:4168)
	at org.eclipse.swt.widgets.Display.eventProc(Display.java:1480)
	at org.eclipse.swt.internal.gtk.OS._g_main_context_iteration(Native Method)
	at org.eclipse.swt.internal.gtk.OS.g_main_context_iteration(OS.java:1604)
	at org.eclipse.swt.widgets.Display.readAndDispatch(Display.java:4427)
	at org.eclipse.e4.ui.internal.workbench.swt.PartRenderingEngine$5.run(PartRenderingEngine.java:1160)
	at org.eclipse.core.databinding.observable.Realm.runWithDefault(Realm.java:338)
	at org.eclipse.e4.ui.internal.workbench.swt.PartRenderingEngine.run(PartRenderingEngine.java:1049)
	at org.eclipse.e4.ui.internal.workbench.E4Workbench.createAndRunUI(E4Workbench.java:155)
	at org.eclipse.ui.internal.Workbench.lambda$3(Workbench.java:660)
	at org.eclipse.core.databinding.observable.Realm.runWithDefault(Realm.java:338)
	at org.eclipse.ui.internal.Workbench.createAndRunWorkbench(Workbench.java:559)
	at org.eclipse.ui.PlatformUI.createAndRunWorkbench(PlatformUI.java:154)
	at org.eclipse.ui.internal.ide.application.IDEApplication.start(IDEApplication.java:150)
	at org.eclipse.equinox.internal.app.EclipseAppHandle.run(EclipseAppHandle.java:203)
	at org.eclipse.core.runtime.internal.adaptor.EclipseAppLauncher.runApplication(EclipseAppLauncher.java:137)
	at org.eclipse.core.runtime.internal.adaptor.EclipseAppLauncher.start(EclipseAppLauncher.java:107)
	at org.eclipse.core.runtime.adaptor.EclipseStarter.run(EclipseStarter.java:401)
	at org.eclipse.core.runtime.adaptor.EclipseStarter.run(EclipseStarter.java:255)
	at java.base/jdk.internal.reflect.NativeMethodAccessorImpl.invoke0(Native Method)
	at java.base/jdk.internal.reflect.NativeMethodAccessorImpl.invoke(NativeMethodAccessorImpl.java:62)
	at java.base/jdk.internal.reflect.DelegatingMethodAccessorImpl.invoke(DelegatingMethodAccessorImpl.java:43)
	at java.base/java.lang.reflect.Method.invoke(Method.java:567)
	at org.eclipse.equinox.launcher.Main.invokeFramework(Main.java:657)
	at org.eclipse.equinox.launcher.Main.basicRun(Main.java:594)
	at org.eclipse.equinox.launcher.Main.run(Main.java:1465)
	at org.eclipse.equinox.launcher.Main.main(Main.java:1438)
!SESSION 2020-02-29 09:50:08.165 -----------------------------------------------
eclipse.buildId=4.14.0.I20191210-0610
java.version=13.0.2
java.vendor=Oracle Corporation
BootLoader constants: OS=linux, ARCH=x86_64, WS=gtk, NL=en_IN
Framework arguments:  -product org.eclipse.epp.package.jee.product
Command-line arguments:  -data file:/home/cc/java-project/ -os linux -ws gtk -arch x86_64 -product org.eclipse.epp.package.jee.product

!ENTRY org.eclipse.m2e.logback.appender 2 0 2020-02-29 10:13:13.549
!MESSAGE The POM for mysql:mysql-connector-java:jar:x.y.z is missing, no dependency information available

!ENTRY org.eclipse.m2e.logback.appender 2 0 2020-02-29 10:13:14.122
!MESSAGE The POM for mysql:mysql-connector-java:jar:x.y.z is missing, no dependency information available

!ENTRY org.eclipse.jst.j2ee 4 0 2020-02-29 10:13:14.838
!MESSAGE /home/cc/.m2/repository/mysql/mysql-connector-java/x.y.z/mysql-connector-java-x.y.z.jar
!STACK 0
org.eclipse.jst.jee.archive.ArchiveOpenFailureException: /home/cc/.m2/repository/mysql/mysql-connector-java/x.y.z/mysql-connector-java-x.y.z.jar
	at org.eclipse.jst.j2ee.internal.componentcore.JavaEEBinaryComponentLoadAdapter.<init>(JavaEEBinaryComponentLoadAdapter.java:56)
	at org.eclipse.jst.j2ee.internal.archive.JavaEEArchiveUtilities.openBinaryArchive(JavaEEArchiveUtilities.java:254)
	at org.eclipse.jst.j2ee.internal.componentcore.JavaEEBinaryComponentHelper$ArchiveCache.openArchive(JavaEEBinaryComponentHelper.java:612)
	at org.eclipse.jst.j2ee.internal.componentcore.JavaEEBinaryComponentHelper.openArchive(JavaEEBinaryComponentHelper.java:470)
	at org.eclipse.jst.j2ee.internal.componentcore.JavaEEBinaryComponentHelper.getUniqueArchive(JavaEEBinaryComponentHelper.java:422)
	at org.eclipse.jst.j2ee.internal.componentcore.JavaEEBinaryComponentHelper.getArchive(JavaEEBinaryComponentHelper.java:415)
	at org.eclipse.jst.j2ee.internal.componentcore.JavaEEBinaryComponentHelper.getJavaEEQuickPeek(JavaEEBinaryComponentHelper.java:98)
	at org.eclipse.jst.j2ee.project.JavaEEProjectUtilities.getJ2EEComponentType(JavaEEProjectUtilities.java:273)
	at org.eclipse.jst.j2ee.internal.common.exportmodel.JEEHeirarchyExportParticipant.isChildModule(JEEHeirarchyExportParticipant.java:42)
	at org.eclipse.wst.common.componentcore.internal.flat.GlobalHeirarchyParticipant.isChildModule(GlobalHeirarchyParticipant.java:41)
	at org.eclipse.wst.common.componentcore.internal.flat.FlatVirtualComponent.isChildModule(FlatVirtualComponent.java:367)
	at org.eclipse.wst.common.componentcore.internal.flat.FlatVirtualComponent.addUsedReferences(FlatVirtualComponent.java:305)
	at org.eclipse.wst.common.componentcore.internal.flat.FlatVirtualComponent.treeWalk(FlatVirtualComponent.java:235)
	at org.eclipse.wst.common.componentcore.internal.flat.FlatVirtualComponent.cacheResources(FlatVirtualComponent.java:188)
	at org.eclipse.wst.common.componentcore.internal.flat.FlatVirtualComponent.fetchResources(FlatVirtualComponent.java:118)
	at org.eclipse.wst.web.internal.deployables.FlatComponentDeployable.members(FlatComponentDeployable.java:236)
	at org.eclipse.jst.j2ee.internal.deployables.J2EEFlexProjDeployable.members(J2EEFlexProjDeployable.java:272)
	at org.eclipse.wst.server.core.internal.ModulePublishInfo.hasDelta(ModulePublishInfo.java:437)
	at org.eclipse.wst.server.core.internal.ServerPublishInfo.hasDelta(ServerPublishInfo.java:442)
	at org.eclipse.wst.server.core.internal.Server.hasPublishedResourceDelta(Server.java:1602)
	at org.eclipse.wst.server.core.internal.Server$ResourceChangeJob$1.visit(Server.java:219)
	at org.eclipse.wst.server.core.internal.Server.visitModule(Server.java:3067)
	at org.eclipse.wst.server.core.internal.Server.visit(Server.java:3051)
	at org.eclipse.wst.server.core.internal.Server$ResourceChangeJob.run(Server.java:235)
	at org.eclipse.core.internal.jobs.Worker.run(Worker.java:63)
Caused by: java.nio.file.NoSuchFileException: /home/cc/.m2/repository/mysql/mysql-connector-java/x.y.z/mysql-connector-java-x.y.z.jar
	at java.base/sun.nio.fs.UnixException.translateToIOException(UnixException.java:92)
	at java.base/sun.nio.fs.UnixException.rethrowAsIOException(UnixException.java:111)
	at java.base/sun.nio.fs.UnixException.rethrowAsIOException(UnixException.java:116)
	at java.base/sun.nio.fs.UnixFileAttributeViews$Basic.readAttributes(UnixFileAttributeViews.java:55)
	at java.base/sun.nio.fs.UnixFileSystemProvider.readAttributes(UnixFileSystemProvider.java:149)
	at java.base/sun.nio.fs.LinuxFileSystemProvider.readAttributes(LinuxFileSystemProvider.java:99)
	at java.base/java.nio.file.Files.readAttributes(Files.java:1842)
	at java.base/java.util.zip.ZipFile$Source.get(ZipFile.java:1160)
	at java.base/java.util.zip.ZipFile$CleanableResource.<init>(ZipFile.java:719)
	at java.base/java.util.zip.ZipFile.<init>(ZipFile.java:239)
	at java.base/java.util.zip.ZipFile.<init>(ZipFile.java:169)
	at org.eclipse.jst.common.internal.modulecore.util.ManifestUtilities$1.<init>(ManifestUtilities.java:259)
	at org.eclipse.jst.common.internal.modulecore.util.ManifestUtilities.newZipFile(ManifestUtilities.java:259)
	at org.eclipse.jst.jee.archive.internal.ArchiveUtil.newZipFile(ArchiveUtil.java:248)
	at org.eclipse.jst.jee.archive.internal.ArchiveUtil.newZipFile(ArchiveUtil.java:234)
	at org.eclipse.jst.j2ee.internal.componentcore.JavaEEBinaryComponentLoadAdapter.resetZipFile(JavaEEBinaryComponentLoadAdapter.java:67)
	at org.eclipse.jst.j2ee.internal.componentcore.JavaEEBinaryComponentLoadAdapter.<init>(JavaEEBinaryComponentLoadAdapter.java:51)
	... 24 more

!ENTRY org.eclipse.m2e.logback.appender 2 0 2020-02-29 10:13:15.861
!MESSAGE The POM for mysql:mysql-connector-java:jar:x.y.z is missing, no dependency information available

!ENTRY org.eclipse.wst.server.core 4 0 2020-02-29 10:13:15.934
!MESSAGE Error reading file /home/cc/.m2/repository/mysql/mysql-connector-java/x.y.z/mysql-connector-java-x.y.z.jar
!STACK 0
java.io.FileNotFoundException: /home/cc/.m2/repository/mysql/mysql-connector-java/x.y.z/mysql-connector-java-x.y.z.jar (No such file or directory)
	at java.base/java.io.FileInputStream.open0(Native Method)
	at java.base/java.io.FileInputStream.open(FileInputStream.java:213)
	at java.base/java.io.FileInputStream.<init>(FileInputStream.java:155)
	at org.eclipse.wst.server.core.util.PublishHelper.copyFile(PublishHelper.java:503)
	at org.eclipse.wst.server.core.util.PublishHelper.publishDelta(PublishHelper.java:437)
	at org.eclipse.wst.server.core.util.PublishHelper.publishDelta(PublishHelper.java:461)
	at org.eclipse.wst.server.core.util.PublishHelper.publishDelta(PublishHelper.java:461)
	at org.eclipse.jst.server.tomcat.core.internal.PublishOperation2.publishDir(PublishOperation2.java:143)
	at org.eclipse.jst.server.tomcat.core.internal.PublishOperation2.execute(PublishOperation2.java:84)
	at org.eclipse.wst.server.core.model.ServerBehaviourDelegate.performTasks(ServerBehaviourDelegate.java:1337)
	at org.eclipse.wst.server.core.model.ServerBehaviourDelegate.publish(ServerBehaviourDelegate.java:956)
	at org.eclipse.wst.server.core.model.ServerBehaviourDelegate.publish(ServerBehaviourDelegate.java:776)
	at org.eclipse.wst.server.core.internal.Server.publishImpl(Server.java:3184)
	at org.eclipse.wst.server.core.internal.Server$PublishJob.run(Server.java:357)
	at org.eclipse.core.internal.jobs.Worker.run(Worker.java:63)

!ENTRY org.eclipse.wst.server.core 4 0 2020-02-29 10:13:17.054
!MESSAGE Error reading file /home/cc/.m2/repository/mysql/mysql-connector-java/x.y.z/mysql-connector-java-x.y.z.jar
!STACK 0
java.io.FileNotFoundException: /home/cc/.m2/repository/mysql/mysql-connector-java/x.y.z/mysql-connector-java-x.y.z.jar (No such file or directory)
	at java.base/java.io.FileInputStream.open0(Native Method)
	at java.base/java.io.FileInputStream.open(FileInputStream.java:213)
	at java.base/java.io.FileInputStream.<init>(FileInputStream.java:155)
	at org.eclipse.wst.server.core.util.PublishHelper.copyFile(PublishHelper.java:503)
	at org.eclipse.wst.server.core.util.PublishHelper.publishDelta(PublishHelper.java:437)
	at org.eclipse.wst.server.core.util.PublishHelper.publishDelta(PublishHelper.java:461)
	at org.eclipse.wst.server.core.util.PublishHelper.publishDelta(PublishHelper.java:461)
	at org.eclipse.jst.server.tomcat.core.internal.PublishOperation2.publishDir(PublishOperation2.java:143)
	at org.eclipse.jst.server.tomcat.core.internal.PublishOperation2.execute(PublishOperation2.java:84)
	at org.eclipse.wst.server.core.model.ServerBehaviourDelegate.performTasks(ServerBehaviourDelegate.java:1337)
	at org.eclipse.wst.server.core.model.ServerBehaviourDelegate.publish(ServerBehaviourDelegate.java:956)
	at org.eclipse.wst.server.core.model.ServerBehaviourDelegate.publish(ServerBehaviourDelegate.java:776)
	at org.eclipse.wst.server.core.internal.Server.publishImpl(Server.java:3184)
	at org.eclipse.wst.server.core.internal.Server$PublishJob.run(Server.java:357)
	at org.eclipse.core.internal.jobs.Worker.run(Worker.java:63)

!ENTRY org.eclipse.m2e.logback.appender 4 0 2020-02-29 10:13:17.117
!MESSAGE Could not download sources for mysql:mysql-connector-java:x.y.z
!STACK 1
org.eclipse.core.runtime.CoreException: Could not resolve artifact mysql:mysql-connector-java:jar:sources:x.y.z
	at org.eclipse.m2e.core.internal.embedder.MavenImpl.lambda$4(MavenImpl.java:805)
	at org.eclipse.m2e.core.internal.embedder.MavenExecutionContext.executeBare(MavenExecutionContext.java:179)
	at org.eclipse.m2e.core.internal.embedder.MavenExecutionContext.execute(MavenExecutionContext.java:114)
	at org.eclipse.m2e.core.internal.embedder.MavenExecutionContext.execute(MavenExecutionContext.java:101)
	at org.eclipse.m2e.core.internal.embedder.MavenImpl.resolve(MavenImpl.java:773)
	at org.eclipse.m2e.core.internal.embedder.MavenImpl.resolve(MavenImpl.java:750)
	at org.eclipse.m2e.jdt.internal.DownloadSourcesJob.download(DownloadSourcesJob.java:330)
	at org.eclipse.m2e.jdt.internal.DownloadSourcesJob.downloadAttachments(DownloadSourcesJob.java:304)
	at org.eclipse.m2e.jdt.internal.DownloadSourcesJob.downloadMaven(DownloadSourcesJob.java:269)
	at org.eclipse.m2e.jdt.internal.DownloadSourcesJob.downloadFilesAndPopulateToUpdate(DownloadSourcesJob.java:233)
	at org.eclipse.m2e.jdt.internal.DownloadSourcesJob.lambda$0(DownloadSourcesJob.java:161)
	at org.eclipse.m2e.core.internal.embedder.MavenExecutionContext.executeBare(MavenExecutionContext.java:179)
	at org.eclipse.m2e.core.internal.embedder.MavenExecutionContext.execute(MavenExecutionContext.java:153)
	at org.eclipse.m2e.core.internal.embedder.MavenExecutionContext.execute(MavenExecutionContext.java:101)
	at org.eclipse.m2e.core.internal.embedder.MavenImpl.execute(MavenImpl.java:1375)
	at org.eclipse.m2e.jdt.internal.DownloadSourcesJob.run(DownloadSourcesJob.java:161)
	at org.eclipse.core.internal.jobs.Worker.run(Worker.java:63)
Contains: Missing mysql:mysql-connector-java:jar:sources:x.y.z
!SUBENTRY 1 org.eclipse.m2e.core 4 -1 2020-02-29 10:13:17.118
!MESSAGE Could not resolve artifact mysql:mysql-connector-java:jar:sources:x.y.z
!SUBENTRY 2 org.eclipse.m2e.core 4 -1 2020-02-29 10:13:17.118
!MESSAGE Missing mysql:mysql-connector-java:jar:sources:x.y.z

!ENTRY org.eclipse.m2e.logback.appender 4 0 2020-02-29 10:20:49.137
!MESSAGE Could not download sources for mysql:mysql-connector-java:5.1.6
!STACK 1
org.eclipse.core.runtime.CoreException: Could not resolve artifact mysql:mysql-connector-java:jar:sources:5.1.6
	at org.eclipse.m2e.core.internal.embedder.MavenImpl.lambda$4(MavenImpl.java:805)
	at org.eclipse.m2e.core.internal.embedder.MavenExecutionContext.executeBare(MavenExecutionContext.java:179)
	at org.eclipse.m2e.core.internal.embedder.MavenExecutionContext.execute(MavenExecutionContext.java:114)
	at org.eclipse.m2e.core.internal.embedder.MavenExecutionContext.execute(MavenExecutionContext.java:101)
	at org.eclipse.m2e.core.internal.embedder.MavenImpl.resolve(MavenImpl.java:773)
	at org.eclipse.m2e.core.internal.embedder.MavenImpl.resolve(MavenImpl.java:750)
	at org.eclipse.m2e.jdt.internal.DownloadSourcesJob.download(DownloadSourcesJob.java:330)
	at org.eclipse.m2e.jdt.internal.DownloadSourcesJob.downloadAttachments(DownloadSourcesJob.java:304)
	at org.eclipse.m2e.jdt.internal.DownloadSourcesJob.downloadMaven(DownloadSourcesJob.java:269)
	at org.eclipse.m2e.jdt.internal.DownloadSourcesJob.downloadFilesAndPopulateToUpdate(DownloadSourcesJob.java:233)
	at org.eclipse.m2e.jdt.internal.DownloadSourcesJob.lambda$0(DownloadSourcesJob.java:161)
	at org.eclipse.m2e.core.internal.embedder.MavenExecutionContext.executeBare(MavenExecutionContext.java:179)
	at org.eclipse.m2e.core.internal.embedder.MavenExecutionContext.execute(MavenExecutionContext.java:153)
	at org.eclipse.m2e.core.internal.embedder.MavenExecutionContext.execute(MavenExecutionContext.java:101)
	at org.eclipse.m2e.core.internal.embedder.MavenImpl.execute(MavenImpl.java:1375)
	at org.eclipse.m2e.jdt.internal.DownloadSourcesJob.run(DownloadSourcesJob.java:161)
	at org.eclipse.core.internal.jobs.Worker.run(Worker.java:63)
Contains: Missing mysql:mysql-connector-java:jar:sources:5.1.6
!SUBENTRY 1 org.eclipse.m2e.core 4 -1 2020-02-29 10:20:49.137
!MESSAGE Could not resolve artifact mysql:mysql-connector-java:jar:sources:5.1.6
!SUBENTRY 2 org.eclipse.m2e.core 4 -1 2020-02-29 10:20:49.137
!MESSAGE Missing mysql:mysql-connector-java:jar:sources:5.1.6

!ENTRY org.eclipse.m2e.core 4 -1 2020-02-29 11:01:04.924
!MESSAGE Could not lookup required component
!STACK 0
org.codehaus.plexus.component.repository.exception.ComponentLookupException: java.util.NoSuchElementException
      role: org.apache.maven.execution.MavenExecutionRequestPopulator
  roleHint: 
	at org.codehaus.plexus.DefaultPlexusContainer.lookup(DefaultPlexusContainer.java:267)
	at org.codehaus.plexus.DefaultPlexusContainer.lookup(DefaultPlexusContainer.java:255)
	at org.codehaus.plexus.DefaultPlexusContainer.lookup(DefaultPlexusContainer.java:249)
	at org.eclipse.m2e.core.internal.embedder.MavenImpl.lookup(MavenImpl.java:1293)
	at org.eclipse.m2e.core.internal.embedder.MavenImpl.createExecutionRequest(MavenImpl.java:239)
	at org.eclipse.m2e.core.internal.embedder.MavenExecutionContext.newExecutionRequest(MavenExecutionContext.java:94)
	at org.eclipse.m2e.core.internal.embedder.MavenExecutionContext.execute(MavenExecutionContext.java:127)
	at org.eclipse.m2e.core.internal.embedder.MavenExecutionContext.execute(MavenExecutionContext.java:101)
	at org.eclipse.m2e.core.internal.embedder.MavenImpl.execute(MavenImpl.java:1375)
	at org.eclipse.m2e.jdt.internal.DownloadSourcesJob.run(DownloadSourcesJob.java:161)
	at org.eclipse.core.internal.jobs.Worker.run(Worker.java:63)
Caused by: java.util.NoSuchElementException
	at java.base/java.util.Collections$EmptyIterator.next(Collections.java:4210)
	at org.codehaus.plexus.DefaultPlexusContainer.lookup(DefaultPlexusContainer.java:263)
	... 10 more
!SESSION 2020-03-03 23:36:18.194 -----------------------------------------------
eclipse.buildId=4.14.0.I20191210-0610
java.version=13.0.2
java.vendor=Oracle Corporation
BootLoader constants: OS=linux, ARCH=x86_64, WS=gtk, NL=en_IN
Framework arguments:  -product org.eclipse.epp.package.jee.product
Command-line arguments:  -os linux -ws gtk -arch x86_64 -product org.eclipse.epp.package.jee.product

!ENTRY org.eclipse.wst.server.core 4 0 2020-03-03 23:37:42.783
!MESSAGE Server Tomcat v8.5 Server at localhost failed to start.

!ENTRY org.eclipse.wst.server.core 4 0 2020-03-03 23:38:00.776
!MESSAGE Server Tomcat v8.5 Server at localhost failed to start.

!ENTRY org.eclipse.wst.server.core 4 0 2020-03-03 23:38:46.814
!MESSAGE Server Tomcat v8.5 Server at localhost failed to start.

!ENTRY org.eclipse.wst.server.core 4 0 2020-03-03 23:39:22.868
!MESSAGE Server Tomcat v8.5 Server at localhost failed to start.

!ENTRY org.eclipse.wst.server.core 4 0 2020-03-03 23:40:39.951
!MESSAGE Server Tomcat v8.5 Server at localhost failed to start.

!ENTRY org.eclipse.wst.server.core 4 0 2020-03-03 23:41:54.868
!MESSAGE Server Tomcat v8.5 Server at localhost failed to start.

!ENTRY org.eclipse.wst.server.core 4 0 2020-03-03 23:53:25.614
!MESSAGE Server Tomcat v8.5 Server at localhost failed to start.
